<?xml version="1.0" encoding="UTF-8"?>
<testsuite xmlns:xsi="http://www.w3.org/2001/XMLSchema-instance" xsi:noNamespaceSchemaLocation="https://maven.apache.org/surefire/maven-surefire-plugin/xsd/surefire-test-report-3.0.xsd" version="3.0" name="com.example.AppTest" time="0.003" tests="1" errors="0" skipped="0" failures="0">
  <properties>
    <property name="java.specification.version" value="21"/>
    <property name="sun.jnu.encoding" value="UTF-8"/>
    <property name="java.class.path" value="/home/sanchar/Downloads/apache-maven-3.9.9-bin/apache-maven-3.9.9/my-project/target/test-classes:/home/sanchar/Downloads/apache-maven-3.9.9-bin/apache-maven-3.9.9/my-project/target/classes:/home/sanchar/.m2/repository/org/junit/jupiter/junit-jupiter/5.9.3/junit-jupiter-5.9.3.jar:/home/sanchar/.m2/repository/org/junit/jupiter/junit-jupiter-api/5.9.3/junit-jupiter-api-5.9.3.jar:/home/sanchar/.m2/repository/org/opentest4j/opentest4j/1.2.0/opentest4j-1.2.0.jar:/home/sanchar/.m2/repository/org/junit/platform/junit-platform-commons/1.9.3/junit-platform-commons-1.9.3.jar:/home/sanchar/.m2/repository/org/apiguardian/apiguardian-api/1.1.2/apiguardian-api-1.1.2.jar:/home/sanchar/.m2/repository/org/junit/jupiter/junit-jupiter-params/5.9.3/junit-jupiter-params-5.9.3.jar:/home/sanchar/.m2/repository/org/junit/jupiter/junit-jupiter-engine/5.9.3/junit-jupiter-engine-5.9.3.jar:/home/sanchar/.m2/repository/org/junit/platform/junit-platform-engine/1.9.3/junit-platform-engine-1.9.3.jar:/home/sanchar/.m2/repository/org/glassfish/jersey/core/jersey-client/3.1.7/jersey-client-3.1.7.jar:/home/sanchar/.m2/repository/jakarta/ws/rs/jakarta.ws.rs-api/3.1.0/jakarta.ws.rs-api-3.1.0.jar:/home/sanchar/.m2/repository/org/glassfish/jersey/core/jersey-common/3.1.7/jersey-common-3.1.7.jar:/home/sanchar/.m2/repository/jakarta/annotation/jakarta.annotation-api/2.1.1/jakarta.annotation-api-2.1.1.jar:/home/sanchar/.m2/repository/org/glassfish/hk2/osgi-resource-locator/1.0.3/osgi-resource-locator-1.0.3.jar:/home/sanchar/.m2/repository/jakarta/inject/jakarta.inject-api/2.0.1/jakarta.inject-api-2.0.1.jar:/home/sanchar/.m2/repository/org/glassfish/jersey/inject/jersey-hk2/3.1.7/jersey-hk2-3.1.7.jar:/home/sanchar/.m2/repository/org/glassfish/hk2/hk2-locator/3.0.6/hk2-locator-3.0.6.jar:/home/sanchar/.m2/repository/org/glassfish/hk2/external/aopalliance-repackaged/3.0.6/aopalliance-repackaged-3.0.6.jar:/home/sanchar/.m2/repository/org/glassfish/hk2/hk2-api/3.0.6/hk2-api-3.0.6.jar:/home/sanchar/.m2/repository/org/glassfish/hk2/hk2-utils/3.0.6/hk2-utils-3.0.6.jar:/home/sanchar/.m2/repository/org/javassist/javassist/3.30.2-GA/javassist-3.30.2-GA.jar:/home/sanchar/.m2/repository/javax/activation/javax.activation-api/1.2.0/javax.activation-api-1.2.0.jar:"/>
    <property name="java.vm.vendor" value="Ubuntu"/>
    <property name="sun.arch.data.model" value="64"/>
    <property name="java.vendor.url" value="https://ubuntu.com/"/>
    <property name="os.name" value="Linux"/>
    <property name="java.vm.specification.version" value="21"/>
    <property name="sun.java.launcher" value="SUN_STANDARD"/>
    <property name="user.country" value="US"/>
    <property name="sun.boot.library.path" value="/usr/lib/jvm/java-21-openjdk-amd64/lib"/>
    <property name="sun.java.command" value="/home/sanchar/Downloads/apache-maven-3.9.9-bin/apache-maven-3.9.9/my-project/target/surefire/surefirebooter-20241130103412596_3.jar /home/sanchar/Downloads/apache-maven-3.9.9-bin/apache-maven-3.9.9/my-project/target/surefire 2024-11-30T10-34-12_526-jvmRun1 surefire-20241130103412596_1tmp surefire_0-20241130103412596_2tmp"/>
    <property name="jdk.debug" value="release"/>
    <property name="surefire.test.class.path" value="/home/sanchar/Downloads/apache-maven-3.9.9-bin/apache-maven-3.9.9/my-project/target/test-classes:/home/sanchar/Downloads/apache-maven-3.9.9-bin/apache-maven-3.9.9/my-project/target/classes:/home/sanchar/.m2/repository/org/junit/jupiter/junit-jupiter/5.9.3/junit-jupiter-5.9.3.jar:/home/sanchar/.m2/repository/org/junit/jupiter/junit-jupiter-api/5.9.3/junit-jupiter-api-5.9.3.jar:/home/sanchar/.m2/repository/org/opentest4j/opentest4j/1.2.0/opentest4j-1.2.0.jar:/home/sanchar/.m2/repository/org/junit/platform/junit-platform-commons/1.9.3/junit-platform-commons-1.9.3.jar:/home/sanchar/.m2/repository/org/apiguardian/apiguardian-api/1.1.2/apiguardian-api-1.1.2.jar:/home/sanchar/.m2/repository/org/junit/jupiter/junit-jupiter-params/5.9.3/junit-jupiter-params-5.9.3.jar:/home/sanchar/.m2/repository/org/junit/jupiter/junit-jupiter-engine/5.9.3/junit-jupiter-engine-5.9.3.jar:/home/sanchar/.m2/repository/org/junit/platform/junit-platform-engine/1.9.3/junit-platform-engine-1.9.3.jar:/home/sanchar/.m2/repository/org/glassfish/jersey/core/jersey-client/3.1.7/jersey-client-3.1.7.jar:/home/sanchar/.m2/repository/jakarta/ws/rs/jakarta.ws.rs-api/3.1.0/jakarta.ws.rs-api-3.1.0.jar:/home/sanchar/.m2/repository/org/glassfish/jersey/core/jersey-common/3.1.7/jersey-common-3.1.7.jar:/home/sanchar/.m2/repository/jakarta/annotation/jakarta.annotation-api/2.1.1/jakarta.annotation-api-2.1.1.jar:/home/sanchar/.m2/repository/org/glassfish/hk2/osgi-resource-locator/1.0.3/osgi-resource-locator-1.0.3.jar:/home/sanchar/.m2/repository/jakarta/inject/jakarta.inject-api/2.0.1/jakarta.inject-api-2.0.1.jar:/home/sanchar/.m2/repository/org/glassfish/jersey/inject/jersey-hk2/3.1.7/jersey-hk2-3.1.7.jar:/home/sanchar/.m2/repository/org/glassfish/hk2/hk2-locator/3.0.6/hk2-locator-3.0.6.jar:/home/sanchar/.m2/repository/org/glassfish/hk2/external/aopalliance-repackaged/3.0.6/aopalliance-repackaged-3.0.6.jar:/home/sanchar/.m2/repository/org/glassfish/hk2/hk2-api/3.0.6/hk2-api-3.0.6.jar:/home/sanchar/.m2/repository/org/glassfish/hk2/hk2-utils/3.0.6/hk2-utils-3.0.6.jar:/home/sanchar/.m2/repository/org/javassist/javassist/3.30.2-GA/javassist-3.30.2-GA.jar:/home/sanchar/.m2/repository/javax/activation/javax.activation-api/1.2.0/javax.activation-api-1.2.0.jar:"/>
    <property name="sun.cpu.endian" value="little"/>
    <property name="user.home" value="/home/sanchar"/>
    <property name="user.language" value="en"/>
    <property name="java.specification.vendor" value="Oracle Corporation"/>
    <property name="java.version.date" value="2024-10-15"/>
    <property name="java.home" value="/usr/lib/jvm/java-21-openjdk-amd64"/>
    <property name="file.separator" value="/"/>
    <property name="basedir" value="/home/sanchar/Downloads/apache-maven-3.9.9-bin/apache-maven-3.9.9/my-project"/>
    <property name="java.vm.compressedOopsMode" value="Zero based"/>
    <property name="line.separator" value="&#10;"/>
    <property name="java.specification.name" value="Java Platform API Specification"/>
    <property name="java.vm.specification.vendor" value="Oracle Corporation"/>
    <property name="surefire.real.class.path" value="/home/sanchar/Downloads/apache-maven-3.9.9-bin/apache-maven-3.9.9/my-project/target/surefire/surefirebooter-20241130103412596_3.jar"/>
    <property name="sun.management.compiler" value="HotSpot 64-Bit Tiered Compilers"/>
    <property name="java.runtime.version" value="21.0.5+11-Ubuntu-1ubuntu124.04"/>
    <property name="user.name" value="sanchar"/>
    <property name="stdout.encoding" value="UTF-8"/>
    <property name="path.separator" value=":"/>
    <property name="os.version" value="6.8.0-49-generic"/>
    <property name="java.runtime.name" value="OpenJDK Runtime Environment"/>
    <property name="file.encoding" value="UTF-8"/>
    <property name="java.vm.name" value="OpenJDK 64-Bit Server VM"/>
    <property name="localRepository" value="/home/sanchar/.m2/repository"/>
    <property name="java.vendor.url.bug" value="https://bugs.launchpad.net/ubuntu/+source/openjdk-21"/>
    <property name="java.io.tmpdir" value="/tmp"/>
    <property name="java.version" value="21.0.5"/>
    <property name="user.dir" value="/home/sanchar/Downloads/apache-maven-3.9.9-bin/apache-maven-3.9.9/my-project"/>
    <property name="os.arch" value="amd64"/>
    <property name="java.vm.specification.name" value="Java Virtual Machine Specification"/>
    <property name="native.encoding" value="UTF-8"/>
    <property name="java.library.path" value="/usr/java/packages/lib:/usr/lib/x86_64-linux-gnu/jni:/lib/x86_64-linux-gnu:/usr/lib/x86_64-linux-gnu:/usr/lib/jni:/lib:/usr/lib"/>
    <property name="java.vm.info" value="mixed mode, sharing"/>
    <property name="stderr.encoding" value="UTF-8"/>
    <property name="java.vendor" value="Ubuntu"/>
    <property name="java.vm.version" value="21.0.5+11-Ubuntu-1ubuntu124.04"/>
    <property name="sun.io.unicode.encoding" value="UnicodeLittle"/>
    <property name="java.class.version" value="65.0"/>
  </properties>
  <testcase name="testApp" classname="com.example.AppTest" time="0.002"/>
</testsuite>